[2026-06-17 18:28:16 UTC] Initializing Looker Studio Cloud Bridge synchronization cycle
[2026-06-17 18:28:16 UTC] Extraction complete: retrieved 3 owners draw records and 3 student telemetry records
[2026-06-17 18:28:16 UTC] Native Google BigQuery SDK not loaded: executing local fallback simulation
[2026-06-17 18:28:16 UTC] Simulated upload: Table: owners_draw_allocations: rows synced: 3
[2026-06-17 18:28:16 UTC] Simulated upload: Table: classroom_student_telemetry: rows synced: 3
[2026-06-17 18:28:16 UTC] Sync confirmation logged successfully under local fallback protocols
[2026-06-17 18:28:19 UTC] Starting Looker Studio Cloud Bridge daemon service
[2026-06-17 18:28:19 UTC] Initializing Looker Studio Cloud Bridge synchronization cycle
[2026-06-17 18:28:19 UTC] Extraction complete: retrieved 3 owners draw records and 3 student telemetry records
[2026-06-17 18:28:19 UTC] Native Google BigQuery SDK not loaded: executing local fallback simulation
[2026-06-17 18:28:19 UTC] Simulated upload: Table: owners_draw_allocations: rows synced: 3
[2026-06-17 18:28:19 UTC] Simulated upload: Table: classroom_student_telemetry: rows synced: 3
[2026-06-17 18:28:19 UTC] Sync confirmation logged successfully under local fallback protocols
[2026-06-17 18:29:19 UTC] Initializing Looker Studio Cloud Bridge synchronization cycle
[2026-06-17 18:29:19 UTC] Extraction complete: retrieved 3 owners draw records and 3 student telemetry records
[2026-06-17 18:29:19 UTC] Native Google BigQuery SDK not loaded: executing local fallback simulation
[2026-06-17 18:29:19 UTC] Simulated upload: Table: owners_draw_allocations: rows synced: 3
[2026-06-17 18:29:19 UTC] Simulated upload: Table: classroom_student_telemetry: rows synced: 3
[2026-06-17 18:29:19 UTC] Sync confirmation logged successfully under local fallback protocols
[2026-06-17 18:30:19 UTC] Initializing Looker Studio Cloud Bridge synchronization cycle
[2026-06-17 18:30:19 UTC] Extraction complete: retrieved 3 owners draw records and 3 student telemetry records
[2026-06-17 18:30:19 UTC] Native Google BigQuery SDK not loaded: executing local fallback simulation
[2026-06-17 18:30:19 UTC] Simulated upload: Table: owners_draw_allocations: rows synced: 3
[2026-06-17 18:30:19 UTC] Simulated upload: Table: classroom_student_telemetry: rows synced: 3
[2026-06-17 18:30:19 UTC] Sync confirmation logged successfully under local fallback protocols
[2026-06-17 18:31:19 UTC] Initializing Looker Studio Cloud Bridge synchronization cycle
[2026-06-17 18:31:19 UTC] Extraction complete: retrieved 3 owners draw records and 3 student telemetry records
[2026-06-17 18:31:19 UTC] Native Google BigQuery SDK not loaded: executing local fallback simulation
[2026-06-17 18:31:19 UTC] Simulated upload: Table: owners_draw_allocations: rows synced: 3
[2026-06-17 18:31:19 UTC] Simulated upload: Table: classroom_student_telemetry: rows synced: 3
[2026-06-17 18:31:19 UTC] Sync confirmation logged successfully under local fallback protocols
[2026-06-17 18:32:19 UTC] Initializing Looker Studio Cloud Bridge synchronization cycle
[2026-06-17 18:32:19 UTC] Extraction complete: retrieved 3 owners draw records and 3 student telemetry records
[2026-06-17 18:32:19 UTC] Native Google BigQuery SDK not loaded: executing local fallback simulation
[2026-06-17 18:32:19 UTC] Simulated upload: Table: owners_draw_allocations: rows synced: 3
[2026-06-17 18:32:19 UTC] Simulated upload: Table: classroom_student_telemetry: rows synced: 3
[2026-06-17 18:32:19 UTC] Sync confirmation logged successfully under local fallback protocols
[2026-06-17 18:33:19 UTC] Initializing Looker Studio Cloud Bridge synchronization cycle
[2026-06-17 18:33:19 UTC] Extraction complete: retrieved 3 owners draw records and 3 student telemetry records
[2026-06-17 18:33:19 UTC] Native Google BigQuery SDK not loaded: executing local fallback simulation
[2026-06-17 18:33:19 UTC] Simulated upload: Table: owners_draw_allocations: rows synced: 3
[2026-06-17 18:33:19 UTC] Simulated upload: Table: classroom_student_telemetry: rows synced: 3
[2026-06-17 18:33:19 UTC] Sync confirmation logged successfully under local fallback protocols
[2026-06-17 18:34:19 UTC] Initializing Looker Studio Cloud Bridge synchronization cycle
[2026-06-17 18:34:19 UTC] Extraction complete: retrieved 3 owners draw records and 3 student telemetry records
[2026-06-17 18:34:19 UTC] Native Google BigQuery SDK not loaded: executing local fallback simulation
[2026-06-17 18:34:19 UTC] Simulated upload: Table: owners_draw_allocations: rows synced: 3
[2026-06-17 18:34:19 UTC] Simulated upload: Table: classroom_student_telemetry: rows synced: 3
[2026-06-17 18:34:19 UTC] Sync confirmation logged successfully under local fallback protocols
[2026-06-17 18:35:19 UTC] Initializing Looker Studio Cloud Bridge synchronization cycle
[2026-06-17 18:35:19 UTC] Extraction complete: retrieved 3 owners draw records and 3 student telemetry records
[2026-06-17 18:35:19 UTC] Native Google BigQuery SDK not loaded: executing local fallback simulation
[2026-06-17 18:35:19 UTC] Simulated upload: Table: owners_draw_allocations: rows synced: 3
[2026-06-17 18:35:19 UTC] Simulated upload: Table: classroom_student_telemetry: rows synced: 3
[2026-06-17 18:35:19 UTC] Sync confirmation logged successfully under local fallback protocols
[2026-06-17 22:50:40 UTC] Initializing Looker Studio Cloud Bridge synchronization cycle
[2026-06-17 22:50:40 UTC] Extraction complete: retrieved 3 owners draw records and 3 student telemetry records
[2026-06-17 22:50:40 UTC] Native Google BigQuery SDK not loaded: executing local fallback simulation
[2026-06-17 22:50:40 UTC] Simulated upload: Table: owners_draw_allocations: rows synced: 3
[2026-06-17 22:50:40 UTC] Simulated upload: Table: classroom_student_telemetry: rows synced: 3
[2026-06-17 22:50:40 UTC] Sync confirmation logged successfully under local fallback protocols
[2026-06-17 22:53:19 UTC] Initializing Looker Studio Cloud Bridge synchronization cycle
[2026-06-17 22:53:19 UTC] Extraction complete: retrieved 3 owners draw records and 3 student telemetry records
[2026-06-17 22:53:19 UTC] Native Google BigQuery SDK not loaded: executing local fallback simulation
[2026-06-17 22:53:19 UTC] Simulated upload: Table: owners_draw_allocations: rows synced: 3
[2026-06-17 22:53:19 UTC] Simulated upload: Table: classroom_student_telemetry: rows synced: 3
[2026-06-17 22:53:19 UTC] Sync confirmation logged successfully under local fallback protocols
[2026-06-17 22:54:19 UTC] Initializing Looker Studio Cloud Bridge synchronization cycle
[2026-06-17 22:54:19 UTC] Extraction complete: retrieved 3 owners draw records and 3 student telemetry records
[2026-06-17 22:54:19 UTC] Native Google BigQuery SDK not loaded: executing local fallback simulation
[2026-06-17 22:54:19 UTC] Simulated upload: Table: owners_draw_allocations: rows synced: 3
[2026-06-17 22:54:19 UTC] Simulated upload: Table: classroom_student_telemetry: rows synced: 3
[2026-06-17 22:54:19 UTC] Sync confirmation logged successfully under local fallback protocols
[2026-06-17 22:55:19 UTC] Initializing Looker Studio Cloud Bridge synchronization cycle
[2026-06-17 22:55:19 UTC] Extraction complete: retrieved 3 owners draw records and 3 student telemetry records
[2026-06-17 22:55:19 UTC] Native Google BigQuery SDK not loaded: executing local fallback simulation
[2026-06-17 22:55:19 UTC] Simulated upload: Table: owners_draw_allocations: rows synced: 3
[2026-06-17 22:55:19 UTC] Simulated upload: Table: classroom_student_telemetry: rows synced: 3
[2026-06-17 22:55:19 UTC] Sync confirmation logged successfully under local fallback protocols
[2026-06-17 22:56:19 UTC] Initializing Looker Studio Cloud Bridge synchronization cycle
[2026-06-17 22:56:19 UTC] Extraction complete: retrieved 3 owners draw records and 3 student telemetry records
[2026-06-17 22:56:19 UTC] Native Google BigQuery SDK not loaded: executing local fallback simulation
[2026-06-17 22:56:19 UTC] Simulated upload: Table: owners_draw_allocations: rows synced: 3
[2026-06-17 22:56:19 UTC] Simulated upload: Table: classroom_student_telemetry: rows synced: 3
[2026-06-17 22:56:19 UTC] Sync confirmation logged successfully under local fallback protocols
[2026-06-17 22:57:54 UTC] Initializing Looker Studio Cloud Bridge synchronization cycle
[2026-06-17 22:57:54 UTC] Extraction complete: retrieved 3 owners draw records and 3 student telemetry records
[2026-06-17 22:57:54 UTC] Native Google BigQuery SDK not loaded: executing local fallback simulation
[2026-06-17 22:57:54 UTC] Simulated upload: Table: owners_draw_allocations: rows synced: 3
[2026-06-17 22:57:54 UTC] Simulated upload: Table: classroom_student_telemetry: rows synced: 3
[2026-06-17 22:57:54 UTC] Sync confirmation logged successfully under local fallback protocols
[2026-06-17 23:00:28 UTC] Initializing Looker Studio Cloud Bridge synchronization cycle
[2026-06-17 23:00:28 UTC] Extraction complete: retrieved 3 owners draw records and 3 student telemetry records
[2026-06-17 23:00:28 UTC] Native Google BigQuery SDK not loaded: executing local fallback simulation
[2026-06-17 23:00:28 UTC] Simulated upload: Table: owners_draw_allocations: rows synced: 3
[2026-06-17 23:00:28 UTC] Simulated upload: Table: classroom_student_telemetry: rows synced: 3
[2026-06-17 23:00:28 UTC] Sync confirmation logged successfully under local fallback protocols
[2026-06-17 23:01:28 UTC] Initializing Looker Studio Cloud Bridge synchronization cycle
[2026-06-17 23:01:28 UTC] Extraction complete: retrieved 3 owners draw records and 3 student telemetry records
[2026-06-17 23:01:28 UTC] Native Google BigQuery SDK not loaded: executing local fallback simulation
[2026-06-17 23:01:28 UTC] Simulated upload: Table: owners_draw_allocations: rows synced: 3
[2026-06-17 23:01:28 UTC] Simulated upload: Table: classroom_student_telemetry: rows synced: 3
[2026-06-17 23:01:28 UTC] Sync confirmation logged successfully under local fallback protocols
[2026-06-17 23:02:28 UTC] Initializing Looker Studio Cloud Bridge synchronization cycle
[2026-06-17 23:02:28 UTC] Extraction complete: retrieved 3 owners draw records and 3 student telemetry records
[2026-06-17 23:02:28 UTC] Native Google BigQuery SDK not loaded: executing local fallback simulation
[2026-06-17 23:02:28 UTC] Simulated upload: Table: owners_draw_allocations: rows synced: 3
[2026-06-17 23:02:28 UTC] Simulated upload: Table: classroom_student_telemetry: rows synced: 3
[2026-06-17 23:02:28 UTC] Sync confirmation logged successfully under local fallback protocols
[2026-06-17 23:03:28 UTC] Initializing Looker Studio Cloud Bridge synchronization cycle
[2026-06-17 23:03:28 UTC] Extraction complete: retrieved 3 owners draw records and 3 student telemetry records
[2026-06-17 23:03:28 UTC] Native Google BigQuery SDK not loaded: executing local fallback simulation
[2026-06-17 23:03:28 UTC] Simulated upload: Table: owners_draw_allocations: rows synced: 3
[2026-06-17 23:03:28 UTC] Simulated upload: Table: classroom_student_telemetry: rows synced: 3
[2026-06-17 23:03:28 UTC] Sync confirmation logged successfully under local fallback protocols
[2026-06-17 23:04:28 UTC] Initializing Looker Studio Cloud Bridge synchronization cycle
[2026-06-17 23:04:28 UTC] Extraction complete: retrieved 3 owners draw records and 3 student telemetry records
[2026-06-17 23:04:28 UTC] Native Google BigQuery SDK not loaded: executing local fallback simulation
[2026-06-17 23:04:28 UTC] Simulated upload: Table: owners_draw_allocations: rows synced: 3
[2026-06-17 23:04:28 UTC] Simulated upload: Table: classroom_student_telemetry: rows synced: 3
[2026-06-17 23:04:28 UTC] Sync confirmation logged successfully under local fallback protocols
[2026-06-17 23:05:28 UTC] Initializing Looker Studio Cloud Bridge synchronization cycle
[2026-06-17 23:05:28 UTC] Extraction complete: retrieved 3 owners draw records and 3 student telemetry records
[2026-06-17 23:05:28 UTC] Native Google BigQuery SDK not loaded: executing local fallback simulation
[2026-06-17 23:05:28 UTC] Simulated upload: Table: owners_draw_allocations: rows synced: 3
[2026-06-17 23:05:28 UTC] Simulated upload: Table: classroom_student_telemetry: rows synced: 3
[2026-06-17 23:05:28 UTC] Sync confirmation logged successfully under local fallback protocols
[2026-06-17 23:06:28 UTC] Initializing Looker Studio Cloud Bridge synchronization cycle
[2026-06-17 23:06:28 UTC] Extraction complete: retrieved 3 owners draw records and 3 student telemetry records
[2026-06-17 23:06:28 UTC] Native Google BigQuery SDK not loaded: executing local fallback simulation
[2026-06-17 23:06:28 UTC] Simulated upload: Table: owners_draw_allocations: rows synced: 3
[2026-06-17 23:06:28 UTC] Simulated upload: Table: classroom_student_telemetry: rows synced: 3
[2026-06-17 23:06:28 UTC] Sync confirmation logged successfully under local fallback protocols
[2026-06-17 23:07:28 UTC] Initializing Looker Studio Cloud Bridge synchronization cycle
[2026-06-17 23:07:28 UTC] Extraction complete: retrieved 3 owners draw records and 3 student telemetry records
[2026-06-17 23:07:28 UTC] Native Google BigQuery SDK not loaded: executing local fallback simulation
[2026-06-17 23:07:28 UTC] Simulated upload: Table: owners_draw_allocations: rows synced: 3
[2026-06-17 23:07:28 UTC] Simulated upload: Table: classroom_student_telemetry: rows synced: 3
[2026-06-17 23:07:28 UTC] Sync confirmation logged successfully under local fallback protocols
[2026-06-17 23:08:28 UTC] Initializing Looker Studio Cloud Bridge synchronization cycle
[2026-06-17 23:08:28 UTC] Extraction complete: retrieved 3 owners draw records and 3 student telemetry records
[2026-06-17 23:08:28 UTC] Native Google BigQuery SDK not loaded: executing local fallback simulation
[2026-06-17 23:08:28 UTC] Simulated upload: Table: owners_draw_allocations: rows synced: 3
[2026-06-17 23:08:28 UTC] Simulated upload: Table: classroom_student_telemetry: rows synced: 3
[2026-06-17 23:08:28 UTC] Sync confirmation logged successfully under local fallback protocols
[2026-06-17 23:09:28 UTC] Initializing Looker Studio Cloud Bridge synchronization cycle
[2026-06-17 23:09:28 UTC] Extraction complete: retrieved 3 owners draw records and 3 student telemetry records
[2026-06-17 23:09:28 UTC] Native Google BigQuery SDK not loaded: executing local fallback simulation
[2026-06-17 23:09:28 UTC] Simulated upload: Table: owners_draw_allocations: rows synced: 3
[2026-06-17 23:09:28 UTC] Simulated upload: Table: classroom_student_telemetry: rows synced: 3
[2026-06-17 23:09:28 UTC] Sync confirmation logged successfully under local fallback protocols
[2026-06-17 23:11:07 UTC] Starting Looker Studio Cloud Bridge daemon service
[2026-06-17 23:11:07 UTC] Initializing Looker Studio Cloud Bridge synchronization cycle
[2026-06-17 23:11:07 UTC] Migration Health Status: DEGRADED (Integrity Pass: True, Schema Drift: True)
[2026-06-17 23:11:07 UTC] Extraction complete: retrieved 3 owners draw records and 3 student telemetry records
[2026-06-17 23:11:07 UTC] Native Google BigQuery SDK not loaded: executing local fallback simulation
[2026-06-17 23:11:07 UTC] Simulated upload: Table: owners_draw_allocations: rows synced: 3
[2026-06-17 23:11:07 UTC] Simulated upload: Table: classroom_student_telemetry: rows synced: 3
[2026-06-17 23:11:07 UTC] Simulated upload: Metric: Migration Health Status: DEGRADED
[2026-06-17 23:11:07 UTC] Sync confirmation logged successfully under local fallback protocols
[2026-06-17 23:12:07 UTC] Initializing Looker Studio Cloud Bridge synchronization cycle
[2026-06-17 23:12:07 UTC] Migration Health Status: DEGRADED (Integrity Pass: True, Schema Drift: True)
[2026-06-17 23:12:07 UTC] Extraction complete: retrieved 3 owners draw records and 3 student telemetry records
[2026-06-17 23:12:07 UTC] Native Google BigQuery SDK not loaded: executing local fallback simulation
[2026-06-17 23:12:07 UTC] Simulated upload: Table: owners_draw_allocations: rows synced: 3
[2026-06-17 23:12:07 UTC] Simulated upload: Table: classroom_student_telemetry: rows synced: 3
[2026-06-17 23:12:07 UTC] Simulated upload: Metric: Migration Health Status: DEGRADED
[2026-06-17 23:12:07 UTC] Sync confirmation logged successfully under local fallback protocols
[2026-06-17 23:13:07 UTC] Initializing Looker Studio Cloud Bridge synchronization cycle
[2026-06-17 23:13:07 UTC] Migration Health Status: DEGRADED (Integrity Pass: True, Schema Drift: True)
[2026-06-17 23:13:07 UTC] Extraction complete: retrieved 3 owners draw records and 3 student telemetry records
[2026-06-17 23:13:07 UTC] Native Google BigQuery SDK not loaded: executing local fallback simulation
[2026-06-17 23:13:07 UTC] Simulated upload: Table: owners_draw_allocations: rows synced: 3
[2026-06-17 23:13:07 UTC] Simulated upload: Table: classroom_student_telemetry: rows synced: 3
[2026-06-17 23:13:07 UTC] Simulated upload: Metric: Migration Health Status: DEGRADED
[2026-06-17 23:13:07 UTC] Sync confirmation logged successfully under local fallback protocols
[2026-06-17 23:14:07 UTC] Initializing Looker Studio Cloud Bridge synchronization cycle
[2026-06-17 23:14:07 UTC] Migration Health Status: DEGRADED (Integrity Pass: True, Schema Drift: True)
[2026-06-17 23:14:07 UTC] Extraction complete: retrieved 3 owners draw records and 3 student telemetry records
[2026-06-17 23:14:07 UTC] Native Google BigQuery SDK not loaded: executing local fallback simulation
[2026-06-17 23:14:07 UTC] Simulated upload: Table: owners_draw_allocations: rows synced: 3
[2026-06-17 23:14:07 UTC] Simulated upload: Table: classroom_student_telemetry: rows synced: 3
[2026-06-17 23:14:07 UTC] Simulated upload: Metric: Migration Health Status: DEGRADED
[2026-06-17 23:14:07 UTC] Sync confirmation logged successfully under local fallback protocols
[2026-06-17 23:15:07 UTC] Initializing Looker Studio Cloud Bridge synchronization cycle
[2026-06-17 23:15:07 UTC] Migration Health Status: DEGRADED (Integrity Pass: True, Schema Drift: True)
[2026-06-17 23:15:07 UTC] Extraction complete: retrieved 3 owners draw records and 3 student telemetry records
[2026-06-17 23:15:07 UTC] Native Google BigQuery SDK not loaded: executing local fallback simulation
[2026-06-17 23:15:07 UTC] Simulated upload: Table: owners_draw_allocations: rows synced: 3
[2026-06-17 23:15:07 UTC] Simulated upload: Table: classroom_student_telemetry: rows synced: 3
[2026-06-17 23:15:07 UTC] Simulated upload: Metric: Migration Health Status: DEGRADED
[2026-06-17 23:15:07 UTC] Sync confirmation logged successfully under local fallback protocols
[2026-06-17 23:16:07 UTC] Initializing Looker Studio Cloud Bridge synchronization cycle
[2026-06-17 23:16:07 UTC] Migration Health Status: DEGRADED (Integrity Pass: True, Schema Drift: True)
[2026-06-17 23:16:07 UTC] Extraction complete: retrieved 3 owners draw records and 3 student telemetry records
[2026-06-17 23:16:07 UTC] Native Google BigQuery SDK not loaded: executing local fallback simulation
[2026-06-17 23:16:07 UTC] Simulated upload: Table: owners_draw_allocations: rows synced: 3
[2026-06-17 23:16:07 UTC] Simulated upload: Table: classroom_student_telemetry: rows synced: 3
[2026-06-17 23:16:07 UTC] Simulated upload: Metric: Migration Health Status: DEGRADED
[2026-06-17 23:16:07 UTC] Sync confirmation logged successfully under local fallback protocols
[2026-06-17 23:17:07 UTC] Initializing Looker Studio Cloud Bridge synchronization cycle
[2026-06-17 23:17:07 UTC] Migration Health Status: DEGRADED (Integrity Pass: True, Schema Drift: True)
[2026-06-17 23:17:07 UTC] Extraction complete: retrieved 3 owners draw records and 3 student telemetry records
[2026-06-17 23:17:07 UTC] Native Google BigQuery SDK not loaded: executing local fallback simulation
[2026-06-17 23:17:07 UTC] Simulated upload: Table: owners_draw_allocations: rows synced: 3
[2026-06-17 23:17:07 UTC] Simulated upload: Table: classroom_student_telemetry: rows synced: 3
[2026-06-17 23:17:07 UTC] Simulated upload: Metric: Migration Health Status: DEGRADED
[2026-06-17 23:17:07 UTC] Sync confirmation logged successfully under local fallback protocols
[2026-06-17 23:18:07 UTC] Initializing Looker Studio Cloud Bridge synchronization cycle
[2026-06-17 23:18:07 UTC] Migration Health Status: DEGRADED (Integrity Pass: True, Schema Drift: True)
[2026-06-17 23:18:07 UTC] Extraction complete: retrieved 3 owners draw records and 3 student telemetry records
[2026-06-17 23:18:07 UTC] Native Google BigQuery SDK not loaded: executing local fallback simulation
[2026-06-17 23:18:07 UTC] Simulated upload: Table: owners_draw_allocations: rows synced: 3
[2026-06-17 23:18:07 UTC] Simulated upload: Table: classroom_student_telemetry: rows synced: 3
[2026-06-17 23:18:07 UTC] Simulated upload: Metric: Migration Health Status: DEGRADED
[2026-06-17 23:18:07 UTC] Sync confirmation logged successfully under local fallback protocols
[2026-06-17 23:19:07 UTC] Initializing Looker Studio Cloud Bridge synchronization cycle
[2026-06-17 23:19:07 UTC] Migration Health Status: DEGRADED (Integrity Pass: True, Schema Drift: True)
[2026-06-17 23:19:07 UTC] Extraction complete: retrieved 3 owners draw records and 3 student telemetry records
[2026-06-17 23:19:07 UTC] Native Google BigQuery SDK not loaded: executing local fallback simulation
[2026-06-17 23:19:07 UTC] Simulated upload: Table: owners_draw_allocations: rows synced: 3
[2026-06-17 23:19:07 UTC] Simulated upload: Table: classroom_student_telemetry: rows synced: 3
[2026-06-17 23:19:07 UTC] Simulated upload: Metric: Migration Health Status: DEGRADED
[2026-06-17 23:19:07 UTC] Sync confirmation logged successfully under local fallback protocols
[2026-06-17 23:20:07 UTC] Initializing Looker Studio Cloud Bridge synchronization cycle
[2026-06-17 23:20:07 UTC] Migration Health Status: DEGRADED (Integrity Pass: True, Schema Drift: True)
[2026-06-17 23:20:07 UTC] Extraction complete: retrieved 3 owners draw records and 3 student telemetry records
[2026-06-17 23:20:07 UTC] Native Google BigQuery SDK not loaded: executing local fallback simulation
[2026-06-17 23:20:07 UTC] Simulated upload: Table: owners_draw_allocations: rows synced: 3
[2026-06-17 23:20:07 UTC] Simulated upload: Table: classroom_student_telemetry: rows synced: 3
[2026-06-17 23:20:07 UTC] Simulated upload: Metric: Migration Health Status: DEGRADED
[2026-06-17 23:20:07 UTC] Sync confirmation logged successfully under local fallback protocols
[2026-06-17 23:21:07 UTC] Initializing Looker Studio Cloud Bridge synchronization cycle
[2026-06-17 23:21:07 UTC] Migration Health Status: DEGRADED (Integrity Pass: True, Schema Drift: True)
[2026-06-17 23:21:07 UTC] Extraction complete: retrieved 3 owners draw records and 3 student telemetry records
[2026-06-17 23:21:07 UTC] Native Google BigQuery SDK not loaded: executing local fallback simulation
[2026-06-17 23:21:07 UTC] Simulated upload: Table: owners_draw_allocations: rows synced: 3
[2026-06-17 23:21:07 UTC] Simulated upload: Table: classroom_student_telemetry: rows synced: 3
[2026-06-17 23:21:07 UTC] Simulated upload: Metric: Migration Health Status: DEGRADED
[2026-06-17 23:21:07 UTC] Sync confirmation logged successfully under local fallback protocols
[2026-06-17 23:22:07 UTC] Initializing Looker Studio Cloud Bridge synchronization cycle
[2026-06-17 23:22:07 UTC] Migration Health Status: DEGRADED (Integrity Pass: True, Schema Drift: True)
[2026-06-17 23:22:07 UTC] Extraction complete: retrieved 3 owners draw records and 3 student telemetry records
[2026-06-17 23:22:07 UTC] Native Google BigQuery SDK not loaded: executing local fallback simulation
[2026-06-17 23:22:07 UTC] Simulated upload: Table: owners_draw_allocations: rows synced: 3
[2026-06-17 23:22:07 UTC] Simulated upload: Table: classroom_student_telemetry: rows synced: 3
[2026-06-17 23:22:07 UTC] Simulated upload: Metric: Migration Health Status: DEGRADED
[2026-06-17 23:22:07 UTC] Sync confirmation logged successfully under local fallback protocols
[2026-06-17 23:23:07 UTC] Initializing Looker Studio Cloud Bridge synchronization cycle
[2026-06-17 23:23:07 UTC] Migration Health Status: DEGRADED (Integrity Pass: True, Schema Drift: True)
[2026-06-17 23:23:07 UTC] Extraction complete: retrieved 3 owners draw records and 3 student telemetry records
[2026-06-17 23:23:07 UTC] Native Google BigQuery SDK not loaded: executing local fallback simulation
[2026-06-17 23:23:07 UTC] Simulated upload: Table: owners_draw_allocations: rows synced: 3
[2026-06-17 23:23:07 UTC] Simulated upload: Table: classroom_student_telemetry: rows synced: 3
[2026-06-17 23:23:07 UTC] Simulated upload: Metric: Migration Health Status: DEGRADED
[2026-06-17 23:23:07 UTC] Sync confirmation logged successfully under local fallback protocols
[2026-06-17 23:24:07 UTC] Initializing Looker Studio Cloud Bridge synchronization cycle
[2026-06-17 23:24:07 UTC] Migration Health Status: DEGRADED (Integrity Pass: True, Schema Drift: True)
[2026-06-17 23:24:07 UTC] Extraction complete: retrieved 3 owners draw records and 3 student telemetry records
[2026-06-17 23:24:07 UTC] Native Google BigQuery SDK not loaded: executing local fallback simulation
[2026-06-17 23:24:07 UTC] Simulated upload: Table: owners_draw_allocations: rows synced: 3
[2026-06-17 23:24:07 UTC] Simulated upload: Table: classroom_student_telemetry: rows synced: 3
[2026-06-17 23:24:07 UTC] Simulated upload: Metric: Migration Health Status: DEGRADED
[2026-06-17 23:24:07 UTC] Sync confirmation logged successfully under local fallback protocols
[2026-06-17 23:25:07 UTC] Initializing Looker Studio Cloud Bridge synchronization cycle
[2026-06-17 23:25:07 UTC] Migration Health Status: DEGRADED (Integrity Pass: True, Schema Drift: True)
[2026-06-17 23:25:07 UTC] Extraction complete: retrieved 3 owners draw records and 3 student telemetry records
[2026-06-17 23:25:07 UTC] Native Google BigQuery SDK not loaded: executing local fallback simulation
[2026-06-17 23:25:07 UTC] Simulated upload: Table: owners_draw_allocations: rows synced: 3
[2026-06-17 23:25:07 UTC] Simulated upload: Table: classroom_student_telemetry: rows synced: 3
[2026-06-17 23:25:07 UTC] Simulated upload: Metric: Migration Health Status: DEGRADED
[2026-06-17 23:25:07 UTC] Sync confirmation logged successfully under local fallback protocols
[2026-06-17 23:26:07 UTC] Initializing Looker Studio Cloud Bridge synchronization cycle
[2026-06-17 23:26:07 UTC] Migration Health Status: DEGRADED (Integrity Pass: True, Schema Drift: True)
[2026-06-17 23:26:07 UTC] Extraction complete: retrieved 3 owners draw records and 3 student telemetry records
[2026-06-17 23:26:07 UTC] Native Google BigQuery SDK not loaded: executing local fallback simulation
[2026-06-17 23:26:07 UTC] Simulated upload: Table: owners_draw_allocations: rows synced: 3
[2026-06-17 23:26:07 UTC] Simulated upload: Table: classroom_student_telemetry: rows synced: 3
[2026-06-17 23:26:07 UTC] Simulated upload: Metric: Migration Health Status: DEGRADED
[2026-06-17 23:26:07 UTC] Sync confirmation logged successfully under local fallback protocols
[2026-06-17 23:27:07 UTC] Initializing Looker Studio Cloud Bridge synchronization cycle
[2026-06-17 23:27:07 UTC] Migration Health Status: DEGRADED (Integrity Pass: True, Schema Drift: True)
[2026-06-17 23:27:07 UTC] Extraction complete: retrieved 3 owners draw records and 3 student telemetry records
[2026-06-17 23:27:07 UTC] Native Google BigQuery SDK not loaded: executing local fallback simulation
[2026-06-17 23:27:07 UTC] Simulated upload: Table: owners_draw_allocations: rows synced: 3
[2026-06-17 23:27:07 UTC] Simulated upload: Table: classroom_student_telemetry: rows synced: 3
[2026-06-17 23:27:07 UTC] Simulated upload: Metric: Migration Health Status: DEGRADED
[2026-06-17 23:27:07 UTC] Sync confirmation logged successfully under local fallback protocols
[2026-06-17 23:28:07 UTC] Initializing Looker Studio Cloud Bridge synchronization cycle
[2026-06-17 23:28:07 UTC] Migration Health Status: DEGRADED (Integrity Pass: True, Schema Drift: True)
[2026-06-17 23:28:07 UTC] Extraction complete: retrieved 3 owners draw records and 3 student telemetry records
[2026-06-17 23:28:07 UTC] Native Google BigQuery SDK not loaded: executing local fallback simulation
[2026-06-17 23:28:07 UTC] Simulated upload: Table: owners_draw_allocations: rows synced: 3
[2026-06-17 23:28:07 UTC] Simulated upload: Table: classroom_student_telemetry: rows synced: 3
[2026-06-17 23:28:07 UTC] Simulated upload: Metric: Migration Health Status: DEGRADED
[2026-06-17 23:28:07 UTC] Sync confirmation logged successfully under local fallback protocols
[2026-06-17 23:29:07 UTC] Initializing Looker Studio Cloud Bridge synchronization cycle
[2026-06-17 23:29:07 UTC] Migration Health Status: DEGRADED (Integrity Pass: True, Schema Drift: True)
[2026-06-17 23:29:07 UTC] Extraction complete: retrieved 3 owners draw records and 3 student telemetry records
[2026-06-17 23:29:07 UTC] Native Google BigQuery SDK not loaded: executing local fallback simulation
[2026-06-17 23:29:07 UTC] Simulated upload: Table: owners_draw_allocations: rows synced: 3
[2026-06-17 23:29:07 UTC] Simulated upload: Table: classroom_student_telemetry: rows synced: 3
[2026-06-17 23:29:07 UTC] Simulated upload: Metric: Migration Health Status: DEGRADED
[2026-06-17 23:29:07 UTC] Sync confirmation logged successfully under local fallback protocols
[2026-06-17 23:30:07 UTC] Initializing Looker Studio Cloud Bridge synchronization cycle
[2026-06-17 23:30:07 UTC] Migration Health Status: DEGRADED (Integrity Pass: True, Schema Drift: True)
[2026-06-17 23:30:07 UTC] Extraction complete: retrieved 3 owners draw records and 3 student telemetry records
[2026-06-17 23:30:07 UTC] Native Google BigQuery SDK not loaded: executing local fallback simulation
[2026-06-17 23:30:07 UTC] Simulated upload: Table: owners_draw_allocations: rows synced: 3
[2026-06-17 23:30:07 UTC] Simulated upload: Table: classroom_student_telemetry: rows synced: 3
[2026-06-17 23:30:07 UTC] Simulated upload: Metric: Migration Health Status: DEGRADED
[2026-06-17 23:30:07 UTC] Sync confirmation logged successfully under local fallback protocols
[2026-06-17 23:31:07 UTC] Initializing Looker Studio Cloud Bridge synchronization cycle
[2026-06-17 23:31:07 UTC] Migration Health Status: DEGRADED (Integrity Pass: True, Schema Drift: True)
[2026-06-17 23:31:07 UTC] Extraction complete: retrieved 3 owners draw records and 3 student telemetry records
[2026-06-17 23:31:07 UTC] Native Google BigQuery SDK not loaded: executing local fallback simulation
[2026-06-17 23:31:07 UTC] Simulated upload: Table: owners_draw_allocations: rows synced: 3
[2026-06-17 23:31:07 UTC] Simulated upload: Table: classroom_student_telemetry: rows synced: 3
[2026-06-17 23:31:07 UTC] Simulated upload: Metric: Migration Health Status: DEGRADED
[2026-06-17 23:31:07 UTC] Sync confirmation logged successfully under local fallback protocols
[2026-06-17 23:32:07 UTC] Initializing Looker Studio Cloud Bridge synchronization cycle
[2026-06-17 23:32:07 UTC] Migration Health Status: DEGRADED (Integrity Pass: True, Schema Drift: True)
[2026-06-17 23:32:07 UTC] Extraction complete: retrieved 3 owners draw records and 3 student telemetry records
[2026-06-17 23:32:07 UTC] Native Google BigQuery SDK not loaded: executing local fallback simulation
[2026-06-17 23:32:07 UTC] Simulated upload: Table: owners_draw_allocations: rows synced: 3
[2026-06-17 23:32:07 UTC] Simulated upload: Table: classroom_student_telemetry: rows synced: 3
[2026-06-17 23:32:07 UTC] Simulated upload: Metric: Migration Health Status: DEGRADED
[2026-06-17 23:32:07 UTC] Sync confirmation logged successfully under local fallback protocols
[2026-06-17 23:33:07 UTC] Initializing Looker Studio Cloud Bridge synchronization cycle
[2026-06-17 23:33:07 UTC] Migration Health Status: DEGRADED (Integrity Pass: True, Schema Drift: True)
[2026-06-17 23:33:07 UTC] Extraction complete: retrieved 3 owners draw records and 3 student telemetry records
[2026-06-17 23:33:07 UTC] Native Google BigQuery SDK not loaded: executing local fallback simulation
[2026-06-17 23:33:07 UTC] Simulated upload: Table: owners_draw_allocations: rows synced: 3
[2026-06-17 23:33:07 UTC] Simulated upload: Table: classroom_student_telemetry: rows synced: 3
[2026-06-17 23:33:07 UTC] Simulated upload: Metric: Migration Health Status: DEGRADED
[2026-06-17 23:33:07 UTC] Sync confirmation logged successfully under local fallback protocols
[2026-06-17 23:34:07 UTC] Initializing Looker Studio Cloud Bridge synchronization cycle
[2026-06-17 23:34:07 UTC] Migration Health Status: DEGRADED (Integrity Pass: True, Schema Drift: True)
[2026-06-17 23:34:07 UTC] Extraction complete: retrieved 3 owners draw records and 3 student telemetry records
[2026-06-17 23:34:07 UTC] Native Google BigQuery SDK not loaded: executing local fallback simulation
[2026-06-17 23:34:08 UTC] Simulated upload: Table: owners_draw_allocations: rows synced: 3
[2026-06-17 23:34:08 UTC] Simulated upload: Table: classroom_student_telemetry: rows synced: 3
[2026-06-17 23:34:08 UTC] Simulated upload: Metric: Migration Health Status: DEGRADED
[2026-06-17 23:34:08 UTC] Sync confirmation logged successfully under local fallback protocols
[2026-06-17 23:35:08 UTC] Initializing Looker Studio Cloud Bridge synchronization cycle
[2026-06-17 23:35:08 UTC] Migration Health Status: DEGRADED (Integrity Pass: True, Schema Drift: True)
[2026-06-17 23:35:08 UTC] Extraction complete: retrieved 3 owners draw records and 3 student telemetry records
[2026-06-17 23:35:08 UTC] Native Google BigQuery SDK not loaded: executing local fallback simulation
[2026-06-17 23:35:08 UTC] Simulated upload: Table: owners_draw_allocations: rows synced: 3
[2026-06-17 23:35:08 UTC] Simulated upload: Table: classroom_student_telemetry: rows synced: 3
[2026-06-17 23:35:08 UTC] Simulated upload: Metric: Migration Health Status: DEGRADED
[2026-06-17 23:35:08 UTC] Sync confirmation logged successfully under local fallback protocols
[2026-06-17 23:36:08 UTC] Initializing Looker Studio Cloud Bridge synchronization cycle
[2026-06-17 23:36:08 UTC] Migration Health Status: DEGRADED (Integrity Pass: True, Schema Drift: True)
[2026-06-17 23:36:08 UTC] Extraction complete: retrieved 3 owners draw records and 3 student telemetry records
[2026-06-17 23:36:08 UTC] Native Google BigQuery SDK not loaded: executing local fallback simulation
[2026-06-17 23:36:08 UTC] Simulated upload: Table: owners_draw_allocations: rows synced: 3
[2026-06-17 23:36:08 UTC] Simulated upload: Table: classroom_student_telemetry: rows synced: 3
[2026-06-17 23:36:08 UTC] Simulated upload: Metric: Migration Health Status: DEGRADED
[2026-06-17 23:36:08 UTC] Sync confirmation logged successfully under local fallback protocols
[2026-06-17 23:37:08 UTC] Initializing Looker Studio Cloud Bridge synchronization cycle
[2026-06-17 23:37:08 UTC] Migration Health Status: DEGRADED (Integrity Pass: True, Schema Drift: True)
[2026-06-17 23:37:08 UTC] Extraction complete: retrieved 3 owners draw records and 3 student telemetry records
[2026-06-17 23:37:08 UTC] Native Google BigQuery SDK not loaded: executing local fallback simulation
[2026-06-17 23:37:08 UTC] Simulated upload: Table: owners_draw_allocations: rows synced: 3
[2026-06-17 23:37:08 UTC] Simulated upload: Table: classroom_student_telemetry: rows synced: 3
[2026-06-17 23:37:08 UTC] Simulated upload: Metric: Migration Health Status: DEGRADED
[2026-06-17 23:37:08 UTC] Sync confirmation logged successfully under local fallback protocols
[2026-06-17 23:38:08 UTC] Initializing Looker Studio Cloud Bridge synchronization cycle
[2026-06-17 23:38:08 UTC] Migration Health Status: DEGRADED (Integrity Pass: True, Schema Drift: True)
[2026-06-17 23:38:08 UTC] Extraction complete: retrieved 3 owners draw records and 3 student telemetry records
[2026-06-17 23:38:08 UTC] Native Google BigQuery SDK not loaded: executing local fallback simulation
[2026-06-17 23:38:08 UTC] Simulated upload: Table: owners_draw_allocations: rows synced: 3
[2026-06-17 23:38:08 UTC] Simulated upload: Table: classroom_student_telemetry: rows synced: 3
[2026-06-17 23:38:08 UTC] Simulated upload: Metric: Migration Health Status: DEGRADED
[2026-06-17 23:38:08 UTC] Sync confirmation logged successfully under local fallback protocols
[2026-06-17 23:39:08 UTC] Initializing Looker Studio Cloud Bridge synchronization cycle
[2026-06-17 23:39:08 UTC] Migration Health Status: DEGRADED (Integrity Pass: True, Schema Drift: True)
[2026-06-17 23:39:08 UTC] Extraction complete: retrieved 3 owners draw records and 3 student telemetry records
[2026-06-17 23:39:08 UTC] Native Google BigQuery SDK not loaded: executing local fallback simulation
[2026-06-17 23:39:08 UTC] Simulated upload: Table: owners_draw_allocations: rows synced: 3
[2026-06-17 23:39:08 UTC] Simulated upload: Table: classroom_student_telemetry: rows synced: 3
[2026-06-17 23:39:08 UTC] Simulated upload: Metric: Migration Health Status: DEGRADED
[2026-06-17 23:39:08 UTC] Sync confirmation logged successfully under local fallback protocols
[2026-06-17 23:40:08 UTC] Initializing Looker Studio Cloud Bridge synchronization cycle
[2026-06-17 23:40:08 UTC] Migration Health Status: DEGRADED (Integrity Pass: True, Schema Drift: True)
[2026-06-17 23:40:08 UTC] Extraction complete: retrieved 3 owners draw records and 3 student telemetry records
[2026-06-17 23:40:08 UTC] Native Google BigQuery SDK not loaded: executing local fallback simulation
[2026-06-17 23:40:08 UTC] Simulated upload: Table: owners_draw_allocations: rows synced: 3
[2026-06-17 23:40:08 UTC] Simulated upload: Table: classroom_student_telemetry: rows synced: 3
[2026-06-17 23:40:08 UTC] Simulated upload: Metric: Migration Health Status: DEGRADED
[2026-06-17 23:40:08 UTC] Sync confirmation logged successfully under local fallback protocols
[2026-06-17 23:41:08 UTC] Initializing Looker Studio Cloud Bridge synchronization cycle
[2026-06-17 23:41:08 UTC] Migration Health Status: DEGRADED (Integrity Pass: True, Schema Drift: True)
[2026-06-17 23:41:08 UTC] Extraction complete: retrieved 3 owners draw records and 3 student telemetry records
[2026-06-17 23:41:08 UTC] Native Google BigQuery SDK not loaded: executing local fallback simulation
[2026-06-17 23:41:08 UTC] Simulated upload: Table: owners_draw_allocations: rows synced: 3
[2026-06-17 23:41:08 UTC] Simulated upload: Table: classroom_student_telemetry: rows synced: 3
[2026-06-17 23:41:08 UTC] Simulated upload: Metric: Migration Health Status: DEGRADED
[2026-06-17 23:41:08 UTC] Sync confirmation logged successfully under local fallback protocols
[2026-06-17 23:42:08 UTC] Initializing Looker Studio Cloud Bridge synchronization cycle
[2026-06-17 23:42:08 UTC] Migration Health Status: DEGRADED (Integrity Pass: True, Schema Drift: True)
[2026-06-17 23:42:08 UTC] Extraction complete: retrieved 3 owners draw records and 3 student telemetry records
[2026-06-17 23:42:08 UTC] Native Google BigQuery SDK not loaded: executing local fallback simulation
[2026-06-17 23:42:08 UTC] Simulated upload: Table: owners_draw_allocations: rows synced: 3
[2026-06-17 23:42:08 UTC] Simulated upload: Table: classroom_student_telemetry: rows synced: 3
[2026-06-17 23:42:08 UTC] Simulated upload: Metric: Migration Health Status: DEGRADED
[2026-06-17 23:42:08 UTC] Sync confirmation logged successfully under local fallback protocols
[2026-06-17 23:43:08 UTC] Initializing Looker Studio Cloud Bridge synchronization cycle
[2026-06-17 23:43:08 UTC] Migration Health Status: DEGRADED (Integrity Pass: True, Schema Drift: True)
[2026-06-17 23:43:08 UTC] Extraction complete: retrieved 3 owners draw records and 3 student telemetry records
[2026-06-17 23:43:08 UTC] Native Google BigQuery SDK not loaded: executing local fallback simulation
[2026-06-17 23:43:08 UTC] Simulated upload: Table: owners_draw_allocations: rows synced: 3
[2026-06-17 23:43:08 UTC] Simulated upload: Table: classroom_student_telemetry: rows synced: 3
[2026-06-17 23:43:08 UTC] Simulated upload: Metric: Migration Health Status: DEGRADED
[2026-06-17 23:43:08 UTC] Sync confirmation logged successfully under local fallback protocols
[2026-06-17 23:44:08 UTC] Initializing Looker Studio Cloud Bridge synchronization cycle
[2026-06-17 23:44:08 UTC] Migration Health Status: DEGRADED (Integrity Pass: True, Schema Drift: True)
[2026-06-17 23:44:08 UTC] Extraction complete: retrieved 3 owners draw records and 3 student telemetry records
[2026-06-17 23:44:08 UTC] Native Google BigQuery SDK not loaded: executing local fallback simulation
[2026-06-17 23:44:08 UTC] Simulated upload: Table: owners_draw_allocations: rows synced: 3
[2026-06-17 23:44:08 UTC] Simulated upload: Table: classroom_student_telemetry: rows synced: 3
[2026-06-17 23:44:08 UTC] Simulated upload: Metric: Migration Health Status: DEGRADED
[2026-06-17 23:44:08 UTC] Sync confirmation logged successfully under local fallback protocols
[2026-06-17 23:45:08 UTC] Initializing Looker Studio Cloud Bridge synchronization cycle
[2026-06-17 23:45:08 UTC] Migration Health Status: DEGRADED (Integrity Pass: True, Schema Drift: True)
[2026-06-17 23:45:08 UTC] Extraction complete: retrieved 3 owners draw records and 3 student telemetry records
[2026-06-17 23:45:08 UTC] Native Google BigQuery SDK not loaded: executing local fallback simulation
[2026-06-17 23:45:08 UTC] Simulated upload: Table: owners_draw_allocations: rows synced: 3
[2026-06-17 23:45:08 UTC] Simulated upload: Table: classroom_student_telemetry: rows synced: 3
[2026-06-17 23:45:08 UTC] Simulated upload: Metric: Migration Health Status: DEGRADED
[2026-06-17 23:45:08 UTC] Sync confirmation logged successfully under local fallback protocols
[2026-06-17 23:46:08 UTC] Initializing Looker Studio Cloud Bridge synchronization cycle
[2026-06-17 23:46:08 UTC] Migration Health Status: DEGRADED (Integrity Pass: True, Schema Drift: True)
[2026-06-17 23:46:08 UTC] Extraction complete: retrieved 3 owners draw records and 3 student telemetry records
[2026-06-17 23:46:08 UTC] Native Google BigQuery SDK not loaded: executing local fallback simulation
[2026-06-17 23:46:08 UTC] Simulated upload: Table: owners_draw_allocations: rows synced: 3
[2026-06-17 23:46:08 UTC] Simulated upload: Table: classroom_student_telemetry: rows synced: 3
[2026-06-17 23:46:08 UTC] Simulated upload: Metric: Migration Health Status: DEGRADED
[2026-06-17 23:46:08 UTC] Sync confirmation logged successfully under local fallback protocols
[2026-06-17 23:47:08 UTC] Initializing Looker Studio Cloud Bridge synchronization cycle
[2026-06-17 23:47:08 UTC] Migration Health Status: DEGRADED (Integrity Pass: True, Schema Drift: True)
[2026-06-17 23:47:08 UTC] Extraction complete: retrieved 3 owners draw records and 3 student telemetry records
[2026-06-17 23:47:08 UTC] Native Google BigQuery SDK not loaded: executing local fallback simulation
[2026-06-17 23:47:08 UTC] Simulated upload: Table: owners_draw_allocations: rows synced: 3
[2026-06-17 23:47:08 UTC] Simulated upload: Table: classroom_student_telemetry: rows synced: 3
[2026-06-17 23:47:08 UTC] Simulated upload: Metric: Migration Health Status: DEGRADED
[2026-06-17 23:47:08 UTC] Sync confirmation logged successfully under local fallback protocols
