[2026-06-17 18:04:34 UTC] MutationEngine initialized: standard strategy set
[2026-06-17 18:12:11 UTC] Initializing mutation compilation audit: standard strategy
[2026-06-17 18:12:11 UTC] Running compilation pass (Attempt 1): Strategy STANDARD
[2026-06-17 18:12:11 UTC] Executing sandboxed subprocess validation run
[2026-06-17 18:12:11 UTC] Mutation compilation audit successful: code verified
[2026-06-17 18:12:44 UTC] Initializing mutation compilation audit: standard strategy
[2026-06-17 18:12:44 UTC] Running compilation pass (Attempt 1): Strategy STANDARD
[2026-06-17 18:12:44 UTC] Compilation/Runtime Exception caught: expected ':' (<dynamic_mutation>, line 2)
[2026-06-17 18:12:44 UTC] Strategy dynamically modified to: RELAXED_SYNTAX
[2026-06-17 18:12:44 UTC] Running compilation pass (Attempt 2): Strategy RELAXED_SYNTAX
[2026-06-17 18:12:44 UTC] Compilation/Runtime Exception caught: expected ':' (<dynamic_mutation>, line 1)
[2026-06-17 18:12:44 UTC] Strategy dynamically modified to: SAFE_FALLBACK
[2026-06-17 18:12:44 UTC] Running compilation pass (Attempt 3): Strategy SAFE_FALLBACK
[2026-06-17 18:12:44 UTC] Compilation/Runtime Exception caught: expected ':' (<dynamic_mutation>, line 3)
[2026-06-17 18:12:44 UTC] Strategy dynamically modified to: SAFE_FALLBACK
[2026-06-17 18:12:44 UTC] Running compilation pass (Attempt 4): Strategy SAFE_FALLBACK
[2026-06-17 18:12:44 UTC] Compilation/Runtime Exception caught: expected ':' (<dynamic_mutation>, line 3)
[2026-06-17 18:12:44 UTC] Maximum mutation retries reached: compilation audit failed
[2026-06-17 23:56:49 UTC] Initializing mutation compilation audit: standard strategy
[2026-06-17 23:56:49 UTC] Running compilation pass (Attempt 1): Strategy STANDARD
[2026-06-17 23:56:49 UTC] Executing sandboxed subprocess validation run
[2026-06-17 23:56:49 UTC] Mutation compilation audit successful: code verified
[2026-06-18 02:14:43 UTC] Initializing mutation compilation audit: standard strategy
[2026-06-18 02:14:43 UTC] Running compilation pass (Attempt 1): Strategy STANDARD
[2026-06-18 02:14:43 UTC] Executing sandboxed subprocess validation run
[2026-06-18 02:14:43 UTC] Mutation compilation audit successful: code verified
